2023-01-17 09:38:56;INFO;Game Started;
2023-01-17 09:38:56;INFO;Loaded Var: done_data_page = 0;
2023-01-17 09:38:56;INFO;Open page: pages/index.toml;
2023-01-17 09:38:56;INFO;Try Condition: 1  1;
2023-01-17 09:38:56;INFO;Condition Result: SUCCESS;
2023-01-17 09:38:57;INFO;Try Condition: 1  1;
2023-01-17 09:38:57;INFO;Condition Result: SUCCESS;
2023-01-17 09:38:57;INFO;Button pressed: Start;
2023-01-17 09:38:57;INFO;Action: $cond.toml;
2023-01-17 09:38:57;INFO;Open page: pages/cond.toml;
2023-01-17 09:39:28;INFO;Game Started;
2023-01-17 09:39:28;INFO;Loaded Var: done_data_page = 0;
2023-01-17 09:39:28;INFO;Open page: pages/index.toml;
2023-01-17 09:39:28;INFO;Try Condition: 1  1;
2023-01-17 09:39:28;INFO;Condition Result: SUCCESS;
2023-01-17 09:39:29;INFO;Try Condition: 1  1;
2023-01-17 09:39:29;INFO;Condition Result: SUCCESS;
2023-01-17 09:39:29;INFO;Button pressed: Start;
2023-01-17 09:39:29;INFO;Action: $cond.toml;
2023-01-17 09:39:29;INFO;Open page: pages/cond.toml;
2023-01-17 09:39:29;INFO;Try Condition: 1  1;
2023-01-17 09:39:29;INFO;Condition Result: SUCCESS;
2023-01-17 09:39:29;INFO;Try Condition: 1  1;
2023-01-17 09:39:29;INFO;Condition Result: SUCCESS;
2023-01-17 09:39:29;INFO;Button pressed: Start;
2023-01-17 09:39:29;INFO;Action: $cond.toml;
2023-01-17 09:39:29;INFO;Open page: pages/cond.toml;
2023-01-17 09:39:29;INFO;Try Condition: 1  1;
2023-01-17 09:39:29;INFO;Condition Result: SUCCESS;
2023-01-17 09:39:30;INFO;Try Condition: 1  1;
2023-01-17 09:39:30;INFO;Condition Result: SUCCESS;
2023-01-17 09:39:30;INFO;Button pressed: Start;
2023-01-17 09:39:30;INFO;Action: $cond.toml;
2023-01-17 09:39:30;INFO;Open page: pages/cond.toml;
2023-01-17 09:39:30;INFO;Try Condition: 1  1;
2023-01-17 09:39:30;INFO;Condition Result: SUCCESS;
2023-01-17 09:39:30;INFO;Try Condition: 1  1;
2023-01-17 09:39:30;INFO;Condition Result: SUCCESS;
2023-01-17 09:39:30;INFO;Button pressed: Start;
2023-01-17 09:39:30;INFO;Action: $cond.toml;
2023-01-17 09:39:30;INFO;Open page: pages/cond.toml;
2023-01-17 09:39:30;INFO;Try Condition: 1  1;
2023-01-17 09:39:30;INFO;Condition Result: SUCCESS;
2023-01-17 09:39:30;INFO;Try Condition: 1  1;
2023-01-17 09:39:30;INFO;Condition Result: SUCCESS;
2023-01-17 09:39:30;INFO;Button pressed: Start;
2023-01-17 09:39:30;INFO;Action: $cond.toml;
2023-01-17 09:39:30;INFO;Open page: pages/cond.toml;
2023-01-17 09:39:30;INFO;Try Condition: 1  1;
2023-01-17 09:39:30;INFO;Condition Result: SUCCESS;
2023-01-17 09:39:30;INFO;Try Condition: 1  1;
2023-01-17 09:39:30;INFO;Condition Result: SUCCESS;
2023-01-17 09:39:30;INFO;Button pressed: Start;
2023-01-17 09:39:30;INFO;Action: $cond.toml;
2023-01-17 09:39:30;INFO;Open page: pages/cond.toml;
2023-01-17 09:39:30;INFO;Try Condition: 1  1;
2023-01-17 09:39:30;INFO;Condition Result: SUCCESS;
2023-01-17 09:39:30;INFO;Try Condition: 1  1;
2023-01-17 09:39:30;INFO;Condition Result: SUCCESS;
2023-01-17 09:39:30;INFO;Button pressed: Start;
2023-01-17 09:39:30;INFO;Action: $cond.toml;
2023-01-17 09:39:30;INFO;Open page: pages/cond.toml;
2023-01-17 09:39:30;INFO;Try Condition: 1  1;
2023-01-17 09:39:30;INFO;Condition Result: SUCCESS;
2023-01-17 09:39:31;INFO;Game Quit;
2023-01-17 09:39:47;INFO;Game Started;
2023-01-17 09:39:47;INFO;Loaded Var: done_data_page = 0;
2023-01-17 09:39:47;INFO;Open page: pages/index.toml;
2023-01-17 09:39:47;INFO;Try Condition: 1  1;
2023-01-17 09:39:47;INFO;Condition Result: SUCCESS;
2023-01-17 09:39:48;INFO;Try Condition: 1  1;
2023-01-17 09:39:48;INFO;Condition Result: SUCCESS;
2023-01-17 09:39:48;INFO;Button pressed: Start;
2023-01-17 09:39:48;INFO;Action: $cond.toml;
2023-01-17 09:39:48;INFO;Open page: pages/cond.toml;
2023-01-17 09:39:50;INFO;Game Quit;
2023-01-17 09:40:02;INFO;Game Started;
2023-01-17 09:40:02;INFO;Loaded Var: done_data_page = 0;
2023-01-17 09:40:02;INFO;Open page: pages/index.toml;
2023-01-17 09:40:02;INFO;Try Condition: 1  1;
2023-01-17 09:40:02;INFO;Condition Result: SUCCESS;
2023-01-17 09:40:03;INFO;Try Condition: 1  1;
2023-01-17 09:40:03;INFO;Condition Result: SUCCESS;
2023-01-17 09:40:03;INFO;Button pressed: Start;
2023-01-17 09:40:03;INFO;Action: $cond.toml;
2023-01-17 09:40:03;INFO;Open page: pages/cond.toml;
2023-01-17 09:40:22;INFO;Game Started;
2023-01-17 09:40:22;INFO;Loaded Var: done_data_page = 0;
2023-01-17 09:40:22;INFO;Open page: pages/index.toml;
2023-01-17 09:40:22;INFO;Try Condition: 1  1;
2023-01-17 09:40:22;INFO;Condition Result: SUCCESS;
2023-01-17 09:40:23;INFO;Try Condition: 1  1;
2023-01-17 09:40:23;INFO;Condition Result: SUCCESS;
2023-01-17 09:40:23;INFO;Button pressed: Start;
2023-01-17 09:40:23;INFO;Action: $cond.toml;
2023-01-17 09:40:23;INFO;Open page: pages/cond.toml;
2023-01-17 09:40:23;INFO;Try Condition: 1 > 1;
2023-01-17 09:40:23;INFO;Condition Result: FAIL;
2023-01-17 09:40:23;INFO;Try Condition: done_data_page > 0;
2023-01-17 09:40:23;INFO;Condition Result: FAIL;
2023-01-17 09:40:23;INFO;Try Condition: 1  1;
2023-01-17 09:40:23;INFO;Condition Result: SUCCESS;
2023-01-17 09:40:24;INFO;Try Condition: 1 > 1;
2023-01-17 09:40:24;INFO;Condition Result: FAIL;
2023-01-17 09:40:24;INFO;Try Condition: done_data_page > 0;
2023-01-17 09:40:24;INFO;Condition Result: FAIL;
2023-01-17 09:40:24;INFO;Try Condition: 1  1;
2023-01-17 09:40:24;INFO;Condition Result: SUCCESS;
2023-01-17 09:40:24;INFO;Try Condition: 1 > 1;
2023-01-17 09:40:24;INFO;Condition Result: FAIL;
2023-01-17 09:40:24;INFO;Try Condition: done_data_page > 0;
2023-01-17 09:40:24;INFO;Condition Result: FAIL;
2023-01-17 09:40:24;INFO;Try Condition: 1  1;
2023-01-17 09:40:24;INFO;Condition Result: SUCCESS;
2023-01-17 09:40:25;INFO;Try Condition: 1  1;
2023-01-17 09:40:25;INFO;Condition Result: SUCCESS;
2023-01-17 09:40:25;INFO;Button pressed: Choice C;
2023-01-17 09:40:25;INFO;Action: $data.toml;
2023-01-17 09:40:25;INFO;Open page: pages/data.toml;
2023-01-17 09:40:25;INFO;Try Condition: 1  1;
2023-01-17 09:40:25;INFO;Condition Result: SUCCESS;
2023-01-17 09:40:27;INFO;Try Condition: 1  1;
2023-01-17 09:40:27;INFO;Condition Result: SUCCESS;
2023-01-17 09:40:27;INFO;Button pressed: Set (done_data_page) to 1;
2023-01-17 09:40:27;INFO;Action: done_data_page + 1;
2023-01-17 09:40:27;INFO;Set done_data_page with 1;
2023-01-17 09:40:27;INFO;Action: $cond.toml;
2023-01-17 09:40:27;INFO;Open page: pages/cond.toml;
2023-01-17 09:40:27;INFO;Try Condition: 1 > 1;
2023-01-17 09:40:27;INFO;Condition Result: FAIL;
2023-01-17 09:40:27;INFO;Try Condition: done_data_page > 0;
2023-01-17 09:40:27;INFO;Condition Result: SUCCESS;
2023-01-17 09:40:27;INFO;Try Condition: 1  1;
2023-01-17 09:40:27;INFO;Condition Result: SUCCESS;
2023-01-17 09:40:27;INFO;Try Condition: 1 > 1;
2023-01-17 09:40:27;INFO;Condition Result: FAIL;
2023-01-17 09:40:27;INFO;Try Condition: done_data_page > 0;
2023-01-17 09:40:27;INFO;Condition Result: SUCCESS;
2023-01-17 09:40:27;INFO;Try Condition: 1  1;
2023-01-17 09:40:28;INFO;Condition Result: SUCCESS;
2023-01-17 09:40:28;INFO;Try Condition: 1 > 1;
2023-01-17 09:40:28;INFO;Condition Result: FAIL;
2023-01-17 09:40:28;INFO;Try Condition: done_data_page > 0;
2023-01-17 09:40:28;INFO;Condition Result: SUCCESS;
2023-01-17 09:40:28;INFO;Try Condition: 1  1;
2023-01-17 09:40:28;INFO;Condition Result: SUCCESS;
2023-01-17 09:40:29;INFO;Try Condition: 1 > 1;
2023-01-17 09:40:29;INFO;Condition Result: FAIL;
2023-01-17 09:40:29;INFO;Try Condition: done_data_page > 0;
2023-01-17 09:40:29;INFO;Condition Result: SUCCESS;
2023-01-17 09:40:29;INFO;Try Condition: 1  1;
2023-01-17 09:40:29;INFO;Condition Result: SUCCESS;
2023-01-17 09:40:29;INFO;Try Condition: done_data_page > 0;
2023-01-17 09:40:29;INFO;Condition Result: SUCCESS;
2023-01-17 09:40:29;INFO;Button pressed: Choice B;
2023-01-17 09:40:29;INFO;Action: $cond.toml;
2023-01-17 09:40:29;INFO;Open page: pages/cond.toml;
2023-01-17 09:40:29;INFO;Try Condition: 1 > 1;
2023-01-17 09:40:29;INFO;Condition Result: FAIL;
2023-01-17 09:40:29;INFO;Try Condition: done_data_page > 0;
2023-01-17 09:40:29;INFO;Condition Result: SUCCESS;
2023-01-17 09:40:29;INFO;Try Condition: 1  1;
2023-01-17 09:40:29;INFO;Condition Result: SUCCESS;
2023-01-17 09:40:30;INFO;Try Condition: 1 > 1;
2023-01-17 09:40:30;INFO;Condition Result: FAIL;
2023-01-17 09:40:30;INFO;Try Condition: done_data_page > 0;
2023-01-17 09:40:30;INFO;Condition Result: SUCCESS;
2023-01-17 09:40:30;INFO;Try Condition: 1  1;
2023-01-17 09:40:30;INFO;Condition Result: SUCCESS;
2023-01-17 09:40:30;INFO;Try Condition: 1 > 1;
2023-01-17 09:40:30;INFO;Condition Result: FAIL;
2023-01-17 09:40:30;INFO;Try Condition: done_data_page > 0;
2023-01-17 09:40:30;INFO;Condition Result: SUCCESS;
2023-01-17 09:40:30;INFO;Try Condition: 1  1;
2023-01-17 09:40:30;INFO;Condition Result: SUCCESS;
2023-01-17 09:40:31;INFO;Try Condition: 1 > 1;
2023-01-17 09:40:31;INFO;Condition Result: FAIL;
2023-01-17 09:40:31;INFO;Try Condition: done_data_page > 0;
2023-01-17 09:40:31;INFO;Condition Result: SUCCESS;
2023-01-17 09:40:31;INFO;Try Condition: 1  1;
2023-01-17 09:40:31;INFO;Condition Result: SUCCESS;
2023-01-17 09:40:31;INFO;Try Condition: done_data_page > 0;
2023-01-17 09:40:31;INFO;Condition Result: SUCCESS;
2023-01-17 09:40:31;INFO;Button pressed: Choice B;
2023-01-17 09:40:31;INFO;Action: $cond.toml;
2023-01-17 09:40:31;INFO;Open page: pages/cond.toml;
2023-01-17 09:40:31;INFO;Try Condition: 1 > 1;
2023-01-17 09:40:31;INFO;Condition Result: FAIL;
2023-01-17 09:40:31;INFO;Try Condition: done_data_page > 0;
2023-01-17 09:40:31;INFO;Condition Result: SUCCESS;
2023-01-17 09:40:31;INFO;Try Condition: 1  1;
2023-01-17 09:40:31;INFO;Condition Result: SUCCESS;
2023-01-17 09:40:32;INFO;Game Quit;
2023-01-17 09:42:18;INFO;Game Started;
2023-01-17 09:42:18;INFO;Loaded Var: done_data_page = 0;
2023-01-17 09:42:18;INFO;Open page: pages/index.toml;
2023-01-17 09:42:18;INFO;Try Condition: 1  1;
2023-01-17 09:42:18;INFO;Condition Result: SUCCESS;
2023-01-17 09:42:19;INFO;Try Condition: 1  1;
2023-01-17 09:42:19;INFO;Condition Result: SUCCESS;
2023-01-17 09:42:19;INFO;Button pressed: Start;
2023-01-17 09:42:19;INFO;Action: $cond.toml;
2023-01-17 09:42:19;INFO;Open page: pages/cond.toml;
2023-01-17 09:42:19;INFO;Try Condition: 1 > 1;
2023-01-17 09:42:19;INFO;Condition Result: FAIL;
2023-01-17 09:42:19;INFO;Try Condition: done_data_page > 0;
2023-01-17 09:42:19;INFO;Condition Result: FAIL;
2023-01-17 09:42:19;INFO;Try Condition: 1  1;
2023-01-17 09:42:19;INFO;Condition Result: SUCCESS;
2023-01-17 09:42:20;INFO;Try Condition: 1 > 1;
2023-01-17 09:42:20;INFO;Condition Result: FAIL;
2023-01-17 09:42:20;INFO;Try Condition: done_data_page > 0;
2023-01-17 09:42:20;INFO;Condition Result: FAIL;
2023-01-17 09:42:20;INFO;Try Condition: 1  1;
2023-01-17 09:42:20;INFO;Condition Result: SUCCESS;
2023-01-17 09:42:20;INFO;Try Condition: 1 > 1;
2023-01-17 09:42:20;INFO;Condition Result: FAIL;
2023-01-17 09:42:20;INFO;Try Condition: done_data_page > 0;
2023-01-17 09:42:20;INFO;Condition Result: FAIL;
2023-01-17 09:42:20;INFO;Try Condition: 1  1;
2023-01-17 09:42:20;INFO;Condition Result: SUCCESS;
2023-01-17 09:42:20;INFO;Try Condition: 1  1;
2023-01-17 09:42:20;INFO;Condition Result: SUCCESS;
2023-01-17 09:42:20;INFO;Button pressed: Choice C;
2023-01-17 09:42:20;INFO;Action: $data.toml;
2023-01-17 09:42:20;INFO;Open page: pages/data.toml;
2023-01-17 09:42:20;INFO;Try Condition: 1  1;
2023-01-17 09:42:20;INFO;Condition Result: SUCCESS;
2023-01-17 09:42:21;INFO;Try Condition: 1  1;
2023-01-17 09:42:21;INFO;Condition Result: SUCCESS;
2023-01-17 09:42:21;INFO;Button pressed: Set (done_data_page) to 1;
2023-01-17 09:42:21;INFO;Action: done_data_page + 1;
2023-01-17 09:42:21;INFO;Set done_data_page with 1;
2023-01-17 09:42:21;INFO;Action: $cond.toml;
2023-01-17 09:42:21;INFO;Open page: pages/cond.toml;
2023-01-17 09:42:21;INFO;Try Condition: 1 > 1;
2023-01-17 09:42:21;INFO;Condition Result: FAIL;
2023-01-17 09:42:21;INFO;Try Condition: done_data_page > 0;
2023-01-17 09:42:21;INFO;Condition Result: SUCCESS;
2023-01-17 09:42:21;INFO;Try Condition: 1  1;
2023-01-17 09:42:21;INFO;Condition Result: SUCCESS;
2023-01-17 09:42:22;INFO;Try Condition: 1 > 1;
2023-01-17 09:42:22;INFO;Condition Result: FAIL;
2023-01-17 09:42:22;INFO;Try Condition: done_data_page > 0;
2023-01-17 09:42:22;INFO;Condition Result: SUCCESS;
2023-01-17 09:42:22;INFO;Try Condition: 1  1;
2023-01-17 09:42:22;INFO;Condition Result: SUCCESS;
2023-01-17 09:42:22;INFO;Try Condition: done_data_page > 0;
2023-01-17 09:42:22;INFO;Condition Result: SUCCESS;
2023-01-17 09:42:22;INFO;Button pressed: Choice B;
2023-01-17 09:42:22;INFO;Action: $final.toml;
2023-01-17 09:42:22;INFO;Open page: pages/final.toml;
2023-01-17 09:42:22;INFO;Try Condition: 1  1;
2023-01-17 09:42:22;INFO;Condition Result: SUCCESS;
2023-01-17 09:42:23;INFO;Try Condition: 1  1;
2023-01-17 09:42:23;INFO;Condition Result: SUCCESS;
2023-01-17 09:42:23;INFO;Button pressed: Restart;
2023-01-17 09:42:23;INFO;Action: $cond.toml;
2023-01-17 09:42:23;INFO;Open page: pages/cond.toml;
2023-01-17 09:42:23;INFO;Try Condition: 1 > 1;
2023-01-17 09:42:23;INFO;Condition Result: FAIL;
2023-01-17 09:42:23;INFO;Try Condition: done_data_page > 0;
2023-01-17 09:42:23;INFO;Condition Result: SUCCESS;
2023-01-17 09:42:23;INFO;Try Condition: 1  1;
2023-01-17 09:42:23;INFO;Condition Result: SUCCESS;
2023-01-17 09:42:24;INFO;Try Condition: 1 > 1;
2023-01-17 09:42:24;INFO;Condition Result: FAIL;
2023-01-17 09:42:24;INFO;Try Condition: done_data_page > 0;
2023-01-17 09:42:24;INFO;Condition Result: SUCCESS;
2023-01-17 09:42:24;INFO;Try Condition: 1  1;
2023-01-17 09:42:24;INFO;Condition Result: SUCCESS;
2023-01-17 09:42:24;INFO;Try Condition: 1 > 1;
2023-01-17 09:42:24;INFO;Condition Result: FAIL;
2023-01-17 09:42:24;INFO;Try Condition: done_data_page > 0;
2023-01-17 09:42:25;INFO;Condition Result: SUCCESS;
2023-01-17 09:42:25;INFO;Try Condition: 1  1;
2023-01-17 09:42:25;INFO;Condition Result: SUCCESS;
2023-01-17 09:42:26;INFO;Game Quit;
2023-01-17 09:43:29;INFO;Game Started;
2023-01-17 09:43:29;INFO;Loaded Var: done_data_page = 0;
2023-01-17 09:43:29;INFO;Open page: pages/index.toml;
2023-01-17 09:43:29;INFO;Try Condition: 1  1;
2023-01-17 09:43:29;INFO;Condition Result: SUCCESS;
2023-01-17 09:43:30;INFO;Try Condition: 1  1;
2023-01-17 09:43:30;INFO;Condition Result: SUCCESS;
2023-01-17 09:43:30;INFO;Button pressed: Start;
2023-01-17 09:43:30;INFO;Action: $cond.toml;
2023-01-17 09:43:30;INFO;Open page: pages/cond.toml;
2023-01-17 09:43:30;INFO;Try Condition: 1 > 1;
2023-01-17 09:43:30;INFO;Condition Result: FAIL;
2023-01-17 09:43:31;INFO;Try Condition: done_data_page > 0;
2023-01-17 09:43:31;INFO;Condition Result: FAIL;
2023-01-17 09:43:31;INFO;Try Condition: 1  1;
2023-01-17 09:43:31;INFO;Condition Result: SUCCESS;
2023-01-17 09:43:32;INFO;Try Condition: 1 > 1;
2023-01-17 09:43:32;INFO;Condition Result: FAIL;
2023-01-17 09:43:32;INFO;Try Condition: done_data_page > 0;
2023-01-17 09:43:32;INFO;Condition Result: FAIL;
2023-01-17 09:43:32;INFO;Try Condition: 1  1;
2023-01-17 09:43:32;INFO;Condition Result: SUCCESS;
2023-01-17 09:43:32;INFO;Try Condition: done_data_page > 0;
2023-01-17 09:43:32;INFO;Condition Result: FAIL;
2023-01-17 09:43:32;INFO;Try Condition: 1 > 1;
2023-01-17 09:43:32;INFO;Condition Result: FAIL;
2023-01-17 09:43:32;INFO;Try Condition: done_data_page > 0;
2023-01-17 09:43:32;INFO;Condition Result: FAIL;
2023-01-17 09:43:32;INFO;Try Condition: 1  1;
2023-01-17 09:43:32;INFO;Condition Result: SUCCESS;
2023-01-17 09:43:32;INFO;Try Condition: done_data_page > 0;
2023-01-17 09:43:32;INFO;Condition Result: FAIL;
2023-01-17 09:43:32;INFO;Try Condition: 1 > 1;
2023-01-17 09:43:32;INFO;Condition Result: FAIL;
2023-01-17 09:43:32;INFO;Try Condition: done_data_page > 0;
2023-01-17 09:43:32;INFO;Condition Result: FAIL;
2023-01-17 09:43:32;INFO;Try Condition: 1  1;
2023-01-17 09:43:32;INFO;Condition Result: SUCCESS;
2023-01-17 09:43:33;INFO;Try Condition: done_data_page > 0;
2023-01-17 09:43:33;INFO;Condition Result: FAIL;
2023-01-17 09:43:33;INFO;Try Condition: 1 > 1;
2023-01-17 09:43:33;INFO;Condition Result: FAIL;
2023-01-17 09:43:33;INFO;Try Condition: done_data_page > 0;
2023-01-17 09:43:33;INFO;Condition Result: FAIL;
2023-01-17 09:43:33;INFO;Try Condition: 1  1;
2023-01-17 09:43:33;INFO;Condition Result: SUCCESS;
2023-01-17 09:43:33;INFO;Try Condition: 1 > 1;
2023-01-17 09:43:33;INFO;Condition Result: FAIL;
2023-01-17 09:43:33;INFO;Try Condition: 1 > 1;
2023-01-17 09:43:33;INFO;Condition Result: FAIL;
2023-01-17 09:43:33;INFO;Try Condition: done_data_page > 0;
2023-01-17 09:43:33;INFO;Condition Result: FAIL;
2023-01-17 09:43:33;INFO;Try Condition: 1  1;
2023-01-17 09:43:33;INFO;Condition Result: SUCCESS;
2023-01-17 09:43:34;INFO;Try Condition: 1 > 1;
2023-01-17 09:43:34;INFO;Condition Result: FAIL;
2023-01-17 09:43:34;INFO;Try Condition: 1 > 1;
2023-01-17 09:43:34;INFO;Condition Result: FAIL;
2023-01-17 09:43:34;INFO;Try Condition: done_data_page > 0;
2023-01-17 09:43:34;INFO;Condition Result: FAIL;
2023-01-17 09:43:34;INFO;Try Condition: 1  1;
2023-01-17 09:43:34;INFO;Condition Result: SUCCESS;
2023-01-17 09:43:35;INFO;Try Condition: done_data_page > 0;
2023-01-17 09:43:35;INFO;Condition Result: FAIL;
2023-01-17 09:43:35;INFO;Try Condition: 1 > 1;
2023-01-17 09:43:35;INFO;Condition Result: FAIL;
2023-01-17 09:43:35;INFO;Try Condition: done_data_page > 0;
2023-01-17 09:43:35;INFO;Condition Result: FAIL;
2023-01-17 09:43:35;INFO;Try Condition: 1  1;
2023-01-17 09:43:35;INFO;Condition Result: SUCCESS;
2023-01-17 09:43:35;INFO;Try Condition: done_data_page > 0;
2023-01-17 09:43:35;INFO;Condition Result: FAIL;
2023-01-17 09:43:35;INFO;Try Condition: 1 > 1;
2023-01-17 09:43:35;INFO;Condition Result: FAIL;
2023-01-17 09:43:35;INFO;Try Condition: done_data_page > 0;
2023-01-17 09:43:35;INFO;Condition Result: FAIL;
2023-01-17 09:43:35;INFO;Try Condition: 1  1;
2023-01-17 09:43:35;INFO;Condition Result: SUCCESS;
2023-01-17 09:43:36;INFO;Try Condition: done_data_page > 0;
2023-01-17 09:43:36;INFO;Condition Result: FAIL;
2023-01-17 09:43:36;INFO;Try Condition: 1 > 1;
2023-01-17 09:43:36;INFO;Condition Result: FAIL;
2023-01-17 09:43:36;INFO;Try Condition: done_data_page > 0;
2023-01-17 09:43:36;INFO;Condition Result: FAIL;
2023-01-17 09:43:36;INFO;Try Condition: 1  1;
2023-01-17 09:43:36;INFO;Condition Result: SUCCESS;
2023-01-17 09:43:36;INFO;Try Condition: 1 > 1;
2023-01-17 09:43:36;INFO;Condition Result: FAIL;
2023-01-17 09:43:36;INFO;Try Condition: 1 > 1;
2023-01-17 09:43:36;INFO;Condition Result: FAIL;
2023-01-17 09:43:36;INFO;Try Condition: done_data_page > 0;
2023-01-17 09:43:36;INFO;Condition Result: FAIL;
2023-01-17 09:43:36;INFO;Try Condition: 1  1;
2023-01-17 09:43:36;INFO;Condition Result: SUCCESS;
2023-01-17 09:43:37;INFO;Try Condition: 1 > 1;
2023-01-17 09:43:37;INFO;Condition Result: FAIL;
2023-01-17 09:43:37;INFO;Try Condition: 1 > 1;
2023-01-17 09:43:37;INFO;Condition Result: FAIL;
2023-01-17 09:43:37;INFO;Try Condition: done_data_page > 0;
2023-01-17 09:43:37;INFO;Condition Result: FAIL;
2023-01-17 09:43:37;INFO;Try Condition: 1  1;
2023-01-17 09:43:37;INFO;Condition Result: SUCCESS;
2023-01-17 09:43:37;INFO;Try Condition: 1 > 1;
2023-01-17 09:43:37;INFO;Condition Result: FAIL;
2023-01-17 09:43:37;INFO;Try Condition: 1 > 1;
2023-01-17 09:43:37;INFO;Condition Result: FAIL;
2023-01-17 09:43:37;INFO;Try Condition: done_data_page > 0;
2023-01-17 09:43:37;INFO;Condition Result: FAIL;
2023-01-17 09:43:37;INFO;Try Condition: 1  1;
2023-01-17 09:43:37;INFO;Condition Result: SUCCESS;
2023-01-17 09:43:37;INFO;Try Condition: 1 > 1;
2023-01-17 09:43:37;INFO;Condition Result: FAIL;
2023-01-17 09:43:37;INFO;Try Condition: 1 > 1;
2023-01-17 09:43:37;INFO;Condition Result: FAIL;
2023-01-17 09:43:37;INFO;Try Condition: done_data_page > 0;
2023-01-17 09:43:37;INFO;Condition Result: FAIL;
2023-01-17 09:43:37;INFO;Try Condition: 1  1;
2023-01-17 09:43:37;INFO;Condition Result: SUCCESS;
2023-01-17 09:43:39;INFO;Try Condition: 1 > 1;
2023-01-17 09:43:39;INFO;Condition Result: FAIL;
2023-01-17 09:43:39;INFO;Try Condition: 1 > 1;
2023-01-17 09:43:39;INFO;Condition Result: FAIL;
2023-01-17 09:43:39;INFO;Try Condition: done_data_page > 0;
2023-01-17 09:43:39;INFO;Condition Result: FAIL;
2023-01-17 09:43:39;INFO;Try Condition: 1  1;
2023-01-17 09:43:39;INFO;Condition Result: SUCCESS;
2023-01-17 09:43:39;INFO;Try Condition: 1 > 1;
2023-01-17 09:43:39;INFO;Condition Result: FAIL;
2023-01-17 09:43:39;INFO;Try Condition: 1 > 1;
2023-01-17 09:43:39;INFO;Condition Result: FAIL;
2023-01-17 09:43:39;INFO;Try Condition: done_data_page > 0;
2023-01-17 09:43:39;INFO;Condition Result: FAIL;
2023-01-17 09:43:39;INFO;Try Condition: 1  1;
2023-01-17 09:43:39;INFO;Condition Result: SUCCESS;
2023-01-17 09:43:39;INFO;Try Condition: 1 > 1;
2023-01-17 09:43:39;INFO;Condition Result: FAIL;
2023-01-17 09:43:39;INFO;Try Condition: 1 > 1;
2023-01-17 09:43:39;INFO;Condition Result: FAIL;
2023-01-17 09:43:39;INFO;Try Condition: done_data_page > 0;
2023-01-17 09:43:39;INFO;Condition Result: FAIL;
2023-01-17 09:43:39;INFO;Try Condition: 1  1;
2023-01-17 09:43:39;INFO;Condition Result: SUCCESS;
2023-01-17 09:43:39;INFO;Try Condition: 1 > 1;
2023-01-17 09:43:39;INFO;Condition Result: FAIL;
2023-01-17 09:43:39;INFO;Try Condition: 1 > 1;
2023-01-17 09:43:39;INFO;Condition Result: FAIL;
2023-01-17 09:43:39;INFO;Try Condition: done_data_page > 0;
2023-01-17 09:43:39;INFO;Condition Result: FAIL;
2023-01-17 09:43:39;INFO;Try Condition: 1  1;
2023-01-17 09:43:39;INFO;Condition Result: SUCCESS;
2023-01-17 09:43:40;INFO;Try Condition: 1 > 1;
2023-01-17 09:43:40;INFO;Condition Result: FAIL;
2023-01-17 09:43:40;INFO;Try Condition: 1 > 1;
2023-01-17 09:43:40;INFO;Condition Result: FAIL;
2023-01-17 09:43:40;INFO;Try Condition: done_data_page > 0;
2023-01-17 09:43:40;INFO;Condition Result: FAIL;
2023-01-17 09:43:40;INFO;Try Condition: 1  1;
2023-01-17 09:43:40;INFO;Condition Result: SUCCESS;
2023-01-17 09:43:40;INFO;Try Condition: 1 > 1;
2023-01-17 09:43:40;INFO;Condition Result: FAIL;
2023-01-17 09:43:40;INFO;Try Condition: 1 > 1;
2023-01-17 09:43:40;INFO;Condition Result: FAIL;
2023-01-17 09:43:40;INFO;Try Condition: done_data_page > 0;
2023-01-17 09:43:40;INFO;Condition Result: FAIL;
2023-01-17 09:43:40;INFO;Try Condition: 1  1;
2023-01-17 09:43:40;INFO;Condition Result: SUCCESS;
2023-01-17 09:43:41;INFO;Try Condition: 1 > 1;
2023-01-17 09:43:41;INFO;Condition Result: FAIL;
2023-01-17 09:43:41;INFO;Try Condition: 1 > 1;
2023-01-17 09:43:41;INFO;Condition Result: FAIL;
2023-01-17 09:43:41;INFO;Try Condition: done_data_page > 0;
2023-01-17 09:43:41;INFO;Condition Result: FAIL;
2023-01-17 09:43:41;INFO;Try Condition: 1  1;
2023-01-17 09:43:41;INFO;Condition Result: SUCCESS;
2023-01-17 09:43:42;INFO;Try Condition: 1 > 1;
2023-01-17 09:43:42;INFO;Condition Result: FAIL;
2023-01-17 09:43:42;INFO;Try Condition: 1 > 1;
2023-01-17 09:43:42;INFO;Condition Result: FAIL;
2023-01-17 09:43:42;INFO;Try Condition: done_data_page > 0;
2023-01-17 09:43:42;INFO;Condition Result: FAIL;
2023-01-17 09:43:42;INFO;Try Condition: 1  1;
2023-01-17 09:43:42;INFO;Condition Result: SUCCESS;
2023-01-17 09:43:42;INFO;Try Condition: done_data_page > 0;
2023-01-17 09:43:42;INFO;Condition Result: FAIL;
2023-01-17 09:43:42;INFO;Try Condition: 1 > 1;
2023-01-17 09:43:42;INFO;Condition Result: FAIL;
2023-01-17 09:43:42;INFO;Try Condition: done_data_page > 0;
2023-01-17 09:43:42;INFO;Condition Result: FAIL;
2023-01-17 09:43:42;INFO;Try Condition: 1  1;
2023-01-17 09:43:42;INFO;Condition Result: SUCCESS;
2023-01-17 09:43:42;INFO;Try Condition: done_data_page > 0;
2023-01-17 09:43:42;INFO;Condition Result: FAIL;
2023-01-17 09:43:42;INFO;Try Condition: 1 > 1;
2023-01-17 09:43:42;INFO;Condition Result: FAIL;
2023-01-17 09:43:42;INFO;Try Condition: done_data_page > 0;
2023-01-17 09:43:42;INFO;Condition Result: FAIL;
2023-01-17 09:43:42;INFO;Try Condition: 1  1;
2023-01-17 09:43:42;INFO;Condition Result: SUCCESS;
2023-01-17 09:43:42;INFO;Try Condition: 1 > 1;
2023-01-17 09:43:42;INFO;Condition Result: FAIL;
2023-01-17 09:43:42;INFO;Try Condition: 1 > 1;
2023-01-17 09:43:42;INFO;Condition Result: FAIL;
2023-01-17 09:43:42;INFO;Try Condition: done_data_page > 0;
2023-01-17 09:43:42;INFO;Condition Result: FAIL;
2023-01-17 09:43:42;INFO;Try Condition: 1  1;
2023-01-17 09:43:42;INFO;Condition Result: SUCCESS;
2023-01-17 09:43:43;INFO;Try Condition: 1 > 1;
2023-01-17 09:43:43;INFO;Condition Result: FAIL;
2023-01-17 09:43:43;INFO;Try Condition: 1 > 1;
2023-01-17 09:43:43;INFO;Condition Result: FAIL;
2023-01-17 09:43:43;INFO;Try Condition: done_data_page > 0;
2023-01-17 09:43:43;INFO;Condition Result: FAIL;
2023-01-17 09:43:43;INFO;Try Condition: 1  1;
2023-01-17 09:43:43;INFO;Condition Result: SUCCESS;
2023-01-17 09:43:43;INFO;Try Condition: 1 > 1;
2023-01-17 09:43:43;INFO;Condition Result: FAIL;
2023-01-17 09:43:43;INFO;Try Condition: 1 > 1;
2023-01-17 09:43:43;INFO;Condition Result: FAIL;
2023-01-17 09:43:43;INFO;Try Condition: done_data_page > 0;
2023-01-17 09:43:43;INFO;Condition Result: FAIL;
2023-01-17 09:43:43;INFO;Try Condition: 1  1;
2023-01-17 09:43:43;INFO;Condition Result: SUCCESS;
2023-01-17 09:43:43;INFO;Try Condition: 1  1;
2023-01-17 09:43:43;INFO;Condition Result: SUCCESS;
2023-01-17 09:43:43;INFO;Button pressed: Choice C;
2023-01-17 09:43:43;INFO;Action: $data.toml;
2023-01-17 09:43:43;INFO;Open page: pages/data.toml;
2023-01-17 09:43:43;INFO;Try Condition: 1  1;
2023-01-17 09:43:43;INFO;Condition Result: SUCCESS;
2023-01-17 09:43:47;INFO;Try Condition: 1  1;
2023-01-17 09:43:47;INFO;Condition Result: SUCCESS;
2023-01-17 09:43:49;INFO;Try Condition: 1  1;
2023-01-17 09:43:49;INFO;Condition Result: SUCCESS;
2023-01-17 09:43:49;INFO;Button pressed: Set (done_data_page) to 1;
2023-01-17 09:43:49;INFO;Action: done_data_page + 1;
2023-01-17 09:43:49;INFO;Set done_data_page with 1;
2023-01-17 09:43:49;INFO;Action: $cond.toml;
2023-01-17 09:43:49;INFO;Open page: pages/cond.toml;
2023-01-17 09:43:49;INFO;Try Condition: 1 > 1;
2023-01-17 09:43:49;INFO;Condition Result: FAIL;
2023-01-17 09:43:49;INFO;Try Condition: done_data_page > 0;
2023-01-17 09:43:49;INFO;Condition Result: SUCCESS;
2023-01-17 09:43:49;INFO;Try Condition: 1  1;
2023-01-17 09:43:49;INFO;Condition Result: SUCCESS;
2023-01-17 09:43:50;INFO;Try Condition: 1 > 1;
2023-01-17 09:43:50;INFO;Condition Result: FAIL;
2023-01-17 09:43:50;INFO;Try Condition: done_data_page > 0;
2023-01-17 09:43:50;INFO;Condition Result: SUCCESS;
2023-01-17 09:43:50;INFO;Try Condition: 1  1;
2023-01-17 09:43:50;INFO;Condition Result: SUCCESS;
2023-01-17 09:43:51;INFO;Try Condition: 1 > 1;
2023-01-17 09:43:51;INFO;Condition Result: FAIL;
2023-01-17 09:43:51;INFO;Try Condition: done_data_page > 0;
2023-01-17 09:43:51;INFO;Condition Result: SUCCESS;
2023-01-17 09:43:51;INFO;Try Condition: 1  1;
2023-01-17 09:43:51;INFO;Condition Result: SUCCESS;
2023-01-17 09:43:51;INFO;Try Condition: 1 > 1;
2023-01-17 09:43:51;INFO;Condition Result: FAIL;
2023-01-17 09:43:51;INFO;Try Condition: done_data_page > 0;
2023-01-17 09:43:51;INFO;Condition Result: SUCCESS;
2023-01-17 09:43:51;INFO;Try Condition: 1  1;
2023-01-17 09:43:51;INFO;Condition Result: SUCCESS;
2023-01-17 09:43:53;INFO;Try Condition: done_data_page > 0;
2023-01-17 09:43:53;INFO;Condition Result: SUCCESS;
2023-01-17 09:43:53;INFO;Button pressed: Choice B;
2023-01-17 09:43:53;INFO;Action: $final.toml;
2023-01-17 09:43:53;INFO;Open page: pages/final.toml;
2023-01-17 09:43:53;INFO;Try Condition: 1  1;
2023-01-17 09:43:53;INFO;Condition Result: SUCCESS;
2023-01-17 09:43:54;INFO;Try Condition: 1  1;
2023-01-17 09:43:54;INFO;Condition Result: SUCCESS;
2023-01-17 09:43:55;INFO;Try Condition: 1  1;
2023-01-17 09:43:55;INFO;Condition Result: SUCCESS;
2023-01-17 09:43:56;INFO;Try Condition: 1  1;
2023-01-17 09:43:56;INFO;Condition Result: SUCCESS;
2023-01-17 09:43:56;INFO;Button pressed: Restart;
2023-01-17 09:43:56;INFO;Action: $index.toml;
2023-01-17 09:43:56;INFO;Open page: pages/index.toml;
2023-01-17 09:43:56;INFO;Try Condition: 1  1;
2023-01-17 09:43:56;INFO;Condition Result: SUCCESS;
2023-01-17 09:44:01;INFO;Try Condition: 1  1;
2023-01-17 09:44:01;INFO;Condition Result: SUCCESS;
2023-01-17 09:44:01;INFO;Button pressed: Start;
2023-01-17 09:44:01;INFO;Action: $cond.toml;
2023-01-17 09:44:01;INFO;Open page: pages/cond.toml;
2023-01-17 09:44:01;INFO;Try Condition: 1 > 1;
2023-01-17 09:44:01;INFO;Condition Result: FAIL;
2023-01-17 09:44:01;INFO;Try Condition: done_data_page > 0;
2023-01-17 09:44:01;INFO;Condition Result: SUCCESS;
2023-01-17 09:44:01;INFO;Try Condition: 1  1;
2023-01-17 09:44:01;INFO;Condition Result: SUCCESS;
2023-01-17 09:44:02;INFO;Try Condition: 1 > 1;
2023-01-17 09:44:02;INFO;Condition Result: FAIL;
2023-01-17 09:44:02;INFO;Try Condition: done_data_page > 0;
2023-01-17 09:44:02;INFO;Condition Result: SUCCESS;
2023-01-17 09:44:02;INFO;Try Condition: 1  1;
2023-01-17 09:44:02;INFO;Condition Result: SUCCESS;
2023-01-17 09:44:03;INFO;Try Condition: 1 > 1;
2023-01-17 09:44:03;INFO;Condition Result: FAIL;
2023-01-17 09:44:03;INFO;Try Condition: done_data_page > 0;
2023-01-17 09:44:03;INFO;Condition Result: SUCCESS;
2023-01-17 09:44:03;INFO;Try Condition: 1  1;
2023-01-17 09:44:03;INFO;Condition Result: SUCCESS;
2023-01-17 09:44:03;INFO;Try Condition: 1 > 1;
2023-01-17 09:44:03;INFO;Condition Result: FAIL;
2023-01-17 09:44:03;INFO;Try Condition: done_data_page > 0;
2023-01-17 09:44:03;INFO;Condition Result: SUCCESS;
2023-01-17 09:44:03;INFO;Try Condition: 1  1;
2023-01-17 09:44:03;INFO;Condition Result: SUCCESS;
2023-01-17 09:44:04;INFO;Try Condition: 1 > 1;
2023-01-17 09:44:04;INFO;Condition Result: FAIL;
2023-01-17 09:44:04;INFO;Try Condition: done_data_page > 0;
2023-01-17 09:44:04;INFO;Condition Result: SUCCESS;
2023-01-17 09:44:04;INFO;Try Condition: 1  1;
2023-01-17 09:44:04;INFO;Condition Result: SUCCESS;
2023-01-17 09:44:06;INFO;Try Condition: done_data_page > 0;
2023-01-17 09:44:06;INFO;Condition Result: SUCCESS;
2023-01-17 09:44:06;INFO;Button pressed: Choice B;
2023-01-17 09:44:06;INFO;Action: $final.toml;
2023-01-17 09:44:06;INFO;Open page: pages/final.toml;
2023-01-17 09:44:06;INFO;Try Condition: 1  1;
2023-01-17 09:44:06;INFO;Condition Result: SUCCESS;
2023-01-17 09:44:07;INFO;Try Condition: 1  1;
2023-01-17 09:44:07;INFO;Condition Result: SUCCESS;
2023-01-17 09:44:07;INFO;Button pressed: Restart;
2023-01-17 09:44:07;INFO;Action: $index.toml;
2023-01-17 09:44:07;INFO;Open page: pages/index.toml;
2023-01-17 09:44:07;INFO;Try Condition: 1  1;
2023-01-17 09:44:07;INFO;Condition Result: SUCCESS;
2023-01-17 09:44:08;INFO;Game Quit;
2023-01-17 09:45:03;INFO;Game Started;
2023-01-17 09:45:03;INFO;Loaded Var: done_data_page = 0;
2023-01-17 09:45:03;INFO;Open page: pages/index.toml;
2023-01-17 09:45:03;INFO;Try Condition: 1  1;
2023-01-17 09:45:03;INFO;Condition Result: SUCCESS;
2023-01-17 09:45:04;INFO;Try Condition: 1  1;
2023-01-17 09:45:04;INFO;Condition Result: SUCCESS;
2023-01-17 09:45:04;INFO;Button pressed: Start;
2023-01-17 09:45:04;INFO;Action: $cond.toml;
2023-01-17 09:45:04;INFO;Open page: pages/cond.toml;
2023-01-17 09:45:04;INFO;Try Condition: 1 > 1;
2023-01-17 09:45:04;INFO;Condition Result: FAIL;
2023-01-17 09:45:04;INFO;Try Condition: done_data_page > 0;
2023-01-17 09:45:04;INFO;Condition Result: FAIL;
2023-01-17 09:45:04;INFO;Try Condition: 1  1;
2023-01-17 09:45:04;INFO;Condition Result: SUCCESS;
2023-01-17 09:45:05;INFO;Try Condition: 1 > 1;
2023-01-17 09:45:05;INFO;Condition Result: FAIL;
2023-01-17 09:45:05;INFO;Try Condition: done_data_page > 0;
2023-01-17 09:45:05;INFO;Condition Result: FAIL;
2023-01-17 09:45:05;INFO;Try Condition: 1  1;
2023-01-17 09:45:05;INFO;Condition Result: SUCCESS;
2023-01-17 09:45:05;INFO;Try Condition: 1 > 1;
2023-01-17 09:45:05;INFO;Condition Result: FAIL;
2023-01-17 09:45:05;INFO;Try Condition: done_data_page > 0;
2023-01-17 09:45:05;INFO;Condition Result: FAIL;
2023-01-17 09:45:05;INFO;Try Condition: 1  1;
2023-01-17 09:45:05;INFO;Condition Result: SUCCESS;
2023-01-17 09:45:06;INFO;Try Condition: 1  1;
2023-01-17 09:45:06;INFO;Condition Result: SUCCESS;
2023-01-17 09:45:06;INFO;Button pressed: Choice C;
2023-01-17 09:45:06;INFO;Action: $data.toml;
2023-01-17 09:45:06;INFO;Open page: pages/data.toml;
2023-01-17 09:45:06;INFO;Try Condition: 1  1;
2023-01-17 09:45:06;INFO;Condition Result: SUCCESS;
2023-01-17 09:45:06;INFO;Try Condition: 1  1;
2023-01-17 09:45:06;INFO;Condition Result: SUCCESS;
2023-01-17 09:45:06;INFO;Button pressed: Set (done_data_page) to 1;
2023-01-17 09:45:06;INFO;Action: done_data_page + 1;
2023-01-17 09:45:06;INFO;Set done_data_page with 1;
2023-01-17 09:45:06;INFO;Action: $cond.toml;
2023-01-17 09:45:06;INFO;Open page: pages/cond.toml;
2023-01-17 09:45:07;INFO;Try Condition: 1 > 1;
2023-01-17 09:45:07;INFO;Condition Result: FAIL;
2023-01-17 09:45:07;INFO;Try Condition: done_data_page > 0;
2023-01-17 09:45:07;INFO;Condition Result: SUCCESS;
2023-01-17 09:45:07;INFO;Try Condition: 1  1;
2023-01-17 09:45:07;INFO;Condition Result: SUCCESS;
2023-01-17 09:45:07;INFO;Try Condition: 1 > 1;
2023-01-17 09:45:07;INFO;Condition Result: FAIL;
2023-01-17 09:45:07;INFO;Try Condition: done_data_page > 0;
2023-01-17 09:45:07;INFO;Condition Result: SUCCESS;
2023-01-17 09:45:07;INFO;Try Condition: 1  1;
2023-01-17 09:45:07;INFO;Condition Result: SUCCESS;
2023-01-17 09:45:08;INFO;Try Condition: done_data_page > 0;
2023-01-17 09:45:08;INFO;Condition Result: SUCCESS;
2023-01-17 09:45:08;INFO;Button pressed: Choice B;
2023-01-17 09:45:08;INFO;Action: $final.toml;
2023-01-17 09:45:08;INFO;Open page: pages/final.toml;
2023-01-17 09:45:08;INFO;Try Condition: 1  1;
2023-01-17 09:45:08;INFO;Condition Result: SUCCESS;
2023-01-17 09:45:08;INFO;Try Condition: 1  1;
2023-01-17 09:45:08;INFO;Condition Result: SUCCESS;
2023-01-17 09:45:08;INFO;Button pressed: Restart;
2023-01-17 09:45:08;INFO;Action: $index.toml;
2023-01-17 09:45:08;INFO;Action: done_data_page  0;
2023-01-17 09:46:47;INFO;Game Started;
2023-01-17 09:46:47;INFO;Loaded Var: done_data_page = 0;
2023-01-17 09:46:47;INFO;Open page: pages/index.toml;
2023-01-17 09:46:47;INFO;Try Condition: 1  1;
2023-01-17 09:46:47;INFO;Condition Result: SUCCESS;
2023-01-17 09:46:48;INFO;Try Condition: 1  1;
2023-01-17 09:46:48;INFO;Condition Result: SUCCESS;
2023-01-17 09:46:48;INFO;Button pressed: Start;
2023-01-17 09:46:48;INFO;Action: $cond.toml;
2023-01-17 09:46:48;INFO;Open page: pages/cond.toml;
2023-01-17 09:46:48;INFO;Try Condition: 1 > 1;
2023-01-17 09:46:48;INFO;Condition Result: FAIL;
2023-01-17 09:46:48;INFO;Try Condition: done_data_page > 0;
2023-01-17 09:46:48;INFO;Condition Result: FAIL;
2023-01-17 09:46:48;INFO;Try Condition: 1  1;
2023-01-17 09:46:48;INFO;Condition Result: SUCCESS;
2023-01-17 09:46:49;INFO;Try Condition: 1 > 1;
2023-01-17 09:46:49;INFO;Condition Result: FAIL;
2023-01-17 09:46:49;INFO;Try Condition: done_data_page > 0;
2023-01-17 09:46:49;INFO;Condition Result: FAIL;
2023-01-17 09:46:49;INFO;Try Condition: 1  1;
2023-01-17 09:46:49;INFO;Condition Result: SUCCESS;
2023-01-17 09:46:49;INFO;Try Condition: 1 > 1;
2023-01-17 09:46:49;INFO;Condition Result: FAIL;
2023-01-17 09:46:49;INFO;Try Condition: done_data_page > 0;
2023-01-17 09:46:49;INFO;Condition Result: FAIL;
2023-01-17 09:46:49;INFO;Try Condition: 1  1;
2023-01-17 09:46:49;INFO;Condition Result: SUCCESS;
2023-01-17 09:46:49;INFO;Try Condition: 1  1;
2023-01-17 09:46:49;INFO;Condition Result: SUCCESS;
2023-01-17 09:46:49;INFO;Button pressed: Choice C;
2023-01-17 09:46:49;INFO;Action: $data.toml;
2023-01-17 09:46:49;INFO;Open page: pages/data.toml;
2023-01-17 09:46:49;INFO;Try Condition: 1  1;
2023-01-17 09:46:49;INFO;Condition Result: SUCCESS;
2023-01-17 09:46:50;INFO;Try Condition: 1  1;
2023-01-17 09:46:50;INFO;Condition Result: SUCCESS;
2023-01-17 09:46:50;INFO;Button pressed: Set (done_data_page) to 1;
2023-01-17 09:46:50;INFO;Action: done_data_page + 1;
2023-01-17 09:46:50;INFO;Set done_data_page with 1;
2023-01-17 09:46:50;INFO;Action: $cond.toml;
2023-01-17 09:46:50;INFO;Open page: pages/cond.toml;
2023-01-17 09:46:50;INFO;Try Condition: 1 > 1;
2023-01-17 09:46:50;INFO;Condition Result: FAIL;
2023-01-17 09:46:50;INFO;Try Condition: done_data_page > 0;
2023-01-17 09:46:50;INFO;Condition Result: SUCCESS;
2023-01-17 09:46:50;INFO;Try Condition: 1  1;
2023-01-17 09:46:50;INFO;Condition Result: SUCCESS;
2023-01-17 09:46:50;INFO;Try Condition: 1 > 1;
2023-01-17 09:46:50;INFO;Condition Result: FAIL;
2023-01-17 09:46:50;INFO;Try Condition: done_data_page > 0;
2023-01-17 09:46:50;INFO;Condition Result: SUCCESS;
2023-01-17 09:46:50;INFO;Try Condition: 1  1;
2023-01-17 09:46:50;INFO;Condition Result: SUCCESS;
2023-01-17 09:46:51;INFO;Try Condition: done_data_page > 0;
2023-01-17 09:46:51;INFO;Condition Result: SUCCESS;
2023-01-17 09:46:51;INFO;Button pressed: Choice B;
2023-01-17 09:46:51;INFO;Action: $final.toml;
2023-01-17 09:46:51;INFO;Open page: pages/final.toml;
2023-01-17 09:46:51;INFO;Try Condition: 1  1;
2023-01-17 09:46:51;INFO;Condition Result: SUCCESS;
2023-01-17 09:46:52;INFO;Try Condition: 1  1;
2023-01-17 09:46:52;INFO;Condition Result: SUCCESS;
2023-01-17 09:46:52;INFO;Button pressed: Restart;
2023-01-17 09:46:52;INFO;Action: $index.toml;
2023-01-17 09:46:52;INFO;Action: done_data_page  0;
2023-01-17 09:50:33;INFO;Game Started;
2023-01-17 09:50:33;INFO;Loaded Var: done_data_page = 0;
2023-01-17 09:50:33;INFO;Open page: pages/index.toml;
2023-01-17 09:50:33;INFO;Try Condition: 1 = 1;
2023-01-17 09:50:33;INFO;Condition Result: SUCCESS;
2023-01-17 09:50:33;INFO;Try Condition: 1 = 1;
2023-01-17 09:50:33;INFO;Condition Result: SUCCESS;
2023-01-17 09:50:33;INFO;Button pressed: Start;
2023-01-17 09:50:33;INFO;Action: $cond.toml;
2023-01-17 09:50:33;INFO;Open page: pages/cond.toml;
2023-01-17 09:50:33;INFO;Try Condition: 1 > 1;
2023-01-17 09:50:33;INFO;Condition Result: FAIL;
2023-01-17 09:50:33;INFO;Try Condition: done_data_page > 0;
2023-01-17 09:50:33;INFO;Condition Result: FAIL;
2023-01-17 09:50:33;INFO;Try Condition: 1 = 1;
2023-01-17 09:50:33;INFO;Condition Result: SUCCESS;
2023-01-17 09:50:34;INFO;Try Condition: 1 > 1;
2023-01-17 09:50:34;INFO;Condition Result: FAIL;
2023-01-17 09:50:34;INFO;Try Condition: done_data_page > 0;
2023-01-17 09:50:34;INFO;Condition Result: FAIL;
2023-01-17 09:50:34;INFO;Try Condition: 1 = 1;
2023-01-17 09:50:34;INFO;Condition Result: SUCCESS;
2023-01-17 09:50:34;INFO;Try Condition: 1 > 1;
2023-01-17 09:50:34;INFO;Condition Result: FAIL;
2023-01-17 09:50:34;INFO;Try Condition: done_data_page > 0;
2023-01-17 09:50:34;INFO;Condition Result: FAIL;
2023-01-17 09:50:34;INFO;Try Condition: 1 = 1;
2023-01-17 09:50:34;INFO;Condition Result: SUCCESS;
2023-01-17 09:50:34;INFO;Try Condition: 1 = 1;
2023-01-17 09:50:34;INFO;Condition Result: SUCCESS;
2023-01-17 09:50:34;INFO;Button pressed: Choice C;
2023-01-17 09:50:34;INFO;Action: $data.toml;
2023-01-17 09:50:34;INFO;Open page: pages/data.toml;
2023-01-17 09:50:34;INFO;Try Condition: 1 = 1;
2023-01-17 09:50:34;INFO;Condition Result: SUCCESS;
2023-01-17 09:50:35;INFO;Try Condition: 1 = 1;
2023-01-17 09:50:35;INFO;Condition Result: SUCCESS;
2023-01-17 09:50:35;INFO;Button pressed: Set (done_data_page) to 1;
2023-01-17 09:50:35;INFO;Action: done_data_page + 1;
2023-01-17 09:50:35;INFO;Set done_data_page with 1;
2023-01-17 09:50:35;INFO;Action: $cond.toml;
2023-01-17 09:50:35;INFO;Open page: pages/cond.toml;
2023-01-17 09:50:35;INFO;Try Condition: 1 > 1;
2023-01-17 09:50:35;INFO;Condition Result: FAIL;
2023-01-17 09:50:35;INFO;Try Condition: done_data_page > 0;
2023-01-17 09:50:35;INFO;Condition Result: SUCCESS;
2023-01-17 09:50:35;INFO;Try Condition: 1 = 1;
2023-01-17 09:50:35;INFO;Condition Result: SUCCESS;
2023-01-17 09:50:36;INFO;Try Condition: 1 > 1;
2023-01-17 09:50:36;INFO;Condition Result: FAIL;
2023-01-17 09:50:36;INFO;Try Condition: done_data_page > 0;
2023-01-17 09:50:36;INFO;Condition Result: SUCCESS;
2023-01-17 09:50:36;INFO;Try Condition: 1 = 1;
2023-01-17 09:50:36;INFO;Condition Result: SUCCESS;
2023-01-17 09:50:36;INFO;Try Condition: done_data_page > 0;
2023-01-17 09:50:36;INFO;Condition Result: SUCCESS;
2023-01-17 09:50:36;INFO;Button pressed: Choice B;
2023-01-17 09:50:36;INFO;Action: $final.toml;
2023-01-17 09:50:36;INFO;Open page: pages/final.toml;
2023-01-17 09:50:36;INFO;Try Condition: 1 = 1;
2023-01-17 09:50:36;INFO;Condition Result: SUCCESS;
2023-01-17 09:50:37;INFO;Try Condition: 1 = 1;
2023-01-17 09:50:37;INFO;Condition Result: SUCCESS;
2023-01-17 09:50:37;INFO;Button pressed: Restart;
2023-01-17 09:50:37;INFO;Action: $index.toml;
2023-01-17 09:50:37;INFO;Action: done_data_page = 0;
2023-01-17 09:50:37;INFO;Set done_data_page with 0;
2023-01-17 09:50:37;INFO;Open page: pages/index.toml;
2023-01-17 09:50:37;INFO;Try Condition: 1 = 1;
2023-01-17 09:50:37;INFO;Condition Result: SUCCESS;
2023-01-17 09:50:38;INFO;Try Condition: 1 = 1;
2023-01-17 09:50:38;INFO;Condition Result: SUCCESS;
2023-01-17 09:50:38;INFO;Button pressed: Start;
2023-01-17 09:50:38;INFO;Action: $cond.toml;
2023-01-17 09:50:38;INFO;Open page: pages/cond.toml;
2023-01-17 09:50:38;INFO;Try Condition: 1 > 1;
2023-01-17 09:50:38;INFO;Condition Result: FAIL;
2023-01-17 09:50:38;INFO;Try Condition: done_data_page > 0;
2023-01-17 09:50:38;INFO;Condition Result: FAIL;
2023-01-17 09:50:38;INFO;Try Condition: 1 = 1;
2023-01-17 09:50:38;INFO;Condition Result: SUCCESS;
2023-01-17 09:50:39;INFO;Game Quit;
